<?xml version="1.0" encoding="UTF-8"?>
<!-- Generated by org.testng.reporters.JUnitXMLReporter -->
<testsuite ignored="0" hostname="LAPTOP-OBTDFSP2" failures="0" tests="2" name="Command line test" time="30.574" errors="0" timestamp="2022-06-17T03:06:58 EEST">
  <testcase classname="gr.xe.selenium.qaChallenge.XESimpleTestSuite" name="checkPriceFiltersTest" time="13.134"/>
  <testcase classname="gr.xe.selenium.qaChallenge.XESimpleTestSuite" name="propertySearchTabTest" time="15.539"/>
</testsuite> <!-- Command line test -->
