<?xml version="1.0" encoding="UTF-8" ?>
<testsuite tests="3" failures="0" name="gr.xe.selenium.qaChallenge.SelectLandForSaleApplyPlotFilterSaveSearch" time="29.855" errors="0" skipped="0">
  <properties>
[...]
</properties>
  <testcase classname="gr.xe.selenium.qaChallenge.SelectLandForSaleApplyPlotFilterSaveSearch" name="visitXeSelectLandForSaleFromCategoriesPerformSearchRefactored" time="9.54"/>
  <testcase classname="gr.xe.selenium.qaChallenge.SelectLandForSaleApplyPlotFilterSaveSearch" name="expandFiltersApplyPlotRefactored" time="5.413"/>
  <testcase classname="gr.xe.selenium.qaChallenge.SelectLandForSaleApplyPlotFilterSaveSearch" name="saveSearchRefactored" time="14.902"/>
</testsuite>