<?xml version="1.0" encoding="UTF-8"?>
<!-- Generated by org.testng.reporters.JUnitXMLReporter -->
<testsuite ignored="3" hostname="LAPTOP-OBTDFSP2" failures="0" tests="3" name="Command line test" time="32.384" errors="0" timestamp="2022-06-17T00:28:01 EEST">
  <testcase classname="gr.xe.selenium.qaChallenge.SelectLandForSaleApplyPlotFilterSaveSearch" name="visitXeSelectLandForSaleFromCategoriesPerformSearchRefactored" time="9.54"/>
  <testcase classname="gr.xe.selenium.qaChallenge.SelectLandForSaleApplyPlotFilterSaveSearch" name="expandFiltersApplyPlotRefactored" time="5.414"/>
  <testcase classname="gr.xe.selenium.qaChallenge.SelectLandForSaleApplyPlotFilterSaveSearch" name="saveSearchRefactored" time="14.903"/>
  <testcase classname="gr.xe.selenium.qaChallenge.SelectLandForSaleApplyPlotFilterSaveSearch" name="expandFiltersApplyPlot" time="0.0">
    <ignored/>
  </testcase> <!-- expandFiltersApplyPlot -->
  <testcase classname="gr.xe.selenium.qaChallenge.SelectLandForSaleApplyPlotFilterSaveSearch" name="visitXeSelectLandForSaleFromCategoriesPerformSearch" time="0.0">
    <ignored/>
  </testcase> <!-- visitXeSelectLandForSaleFromCategoriesPerformSearch -->
  <testcase classname="gr.xe.selenium.qaChallenge.SelectLandForSaleApplyPlotFilterSaveSearch" name="saveSearch" time="0.0">
    <ignored/>
  </testcase> <!-- saveSearch -->
</testsuite> <!-- Command line test -->
